Nov 17, 2020 11:35:15 PM lk.ijse.dep.pos.AppInitializer start
SEVERE: null
java.lang.RuntimeException: java.io.FileNotFoundException: resources\application.properties (The system cannot find the path specified)
	at lk.ijse.dep.pos.db.DBConnection.<init>(DBConnection.java:104)
	at lk.ijse.dep.pos.db.DBConnection.getInstance(DBConnection.java:109)
	at lk.ijse.dep.pos.AppInitializer.start(AppInitializer.java:31)
	at com.sun.javafx.application.LauncherImpl.lambda$launchApplication1$162(LauncherImpl.java:863)
	at com.sun.javafx.application.PlatformImpl.lambda$runAndWait$175(PlatformImpl.java:326)
	at com.sun.javafx.application.PlatformImpl.lambda$null$173(PlatformImpl.java:295)
	at java.security.AccessController.doPrivileged(Native Method)
	at com.sun.javafx.application.PlatformImpl.lambda$runLater$174(PlatformImpl.java:294)
	at com.sun.glass.ui.InvokeLaterDispatcher$Future.run(InvokeLaterDispatcher.java:95)
	at com.sun.glass.ui.win.WinApplication._runLoop(Native Method)
	at com.sun.glass.ui.win.WinApplication.lambda$null$148(WinApplication.java:191)
	at java.lang.Thread.run(Thread.java:745)
Caused by: java.io.FileNotFoundException: resources\application.properties (The system cannot find the path specified)
	at java.io.FileInputStream.open0(Native Method)
	at java.io.FileInputStream.open(FileInputStream.java:195)
	at java.io.FileInputStream.<init>(FileInputStream.java:138)
	at lk.ijse.dep.pos.db.DBConnection.<init>(DBConnection.java:29)
	... 11 more

Nov 17, 2020 11:36:48 PM lk.ijse.dep.pos.AppInitializer start
SEVERE: null
java.lang.RuntimeException: java.io.FileNotFoundException: resources\application.properties (The system cannot find the path specified)
	at lk.ijse.dep.pos.db.DBConnection.<init>(DBConnection.java:104)
	at lk.ijse.dep.pos.db.DBConnection.getInstance(DBConnection.java:109)
	at lk.ijse.dep.pos.AppInitializer.start(AppInitializer.java:31)
	at com.sun.javafx.application.LauncherImpl.lambda$launchApplication1$162(LauncherImpl.java:863)
	at com.sun.javafx.application.PlatformImpl.lambda$runAndWait$175(PlatformImpl.java:326)
	at com.sun.javafx.application.PlatformImpl.lambda$null$173(PlatformImpl.java:295)
	at java.security.AccessController.doPrivileged(Native Method)
	at com.sun.javafx.application.PlatformImpl.lambda$runLater$174(PlatformImpl.java:294)
	at com.sun.glass.ui.InvokeLaterDispatcher$Future.run(InvokeLaterDispatcher.java:95)
	at com.sun.glass.ui.win.WinApplication._runLoop(Native Method)
	at com.sun.glass.ui.win.WinApplication.lambda$null$148(WinApplication.java:191)
	at java.lang.Thread.run(Thread.java:745)
Caused by: java.io.FileNotFoundException: resources\application.properties (The system cannot find the path specified)
	at java.io.FileInputStream.open0(Native Method)
	at java.io.FileInputStream.open(FileInputStream.java:195)
	at java.io.FileInputStream.<init>(FileInputStream.java:138)
	at lk.ijse.dep.pos.db.DBConnection.<init>(DBConnection.java:29)
	... 11 more

Nov 18, 2020 12:44:34 AM javafx.fxml.FXMLLoader$ValueElement processValue
WARNING: Loading FXML document with JavaFX API of version 8.0.171 by JavaFX runtime of version 8.0.112
Nov 18, 2020 12:44:39 AM javafx.fxml.FXMLLoader$ValueElement processValue
WARNING: Loading FXML document with JavaFX API of version 8.0.171 by JavaFX runtime of version 8.0.112
Nov 18, 2020 12:45:05 AM javafx.fxml.FXMLLoader$ValueElement processValue
WARNING: Loading FXML document with JavaFX API of version 8.0.171 by JavaFX runtime of version 8.0.112
Nov 18, 2020 12:45:07 AM javafx.fxml.FXMLLoader$ValueElement processValue
WARNING: Loading FXML document with JavaFX API of version 8.0.171 by JavaFX runtime of version 8.0.112
Nov 18, 2020 12:45:38 AM javafx.fxml.FXMLLoader$ValueElement processValue
WARNING: Loading FXML document with JavaFX API of version 8.0.171 by JavaFX runtime of version 8.0.112
Nov 18, 2020 12:45:40 AM javafx.fxml.FXMLLoader$ValueElement processValue
WARNING: Loading FXML document with JavaFX API of version 8.0.171 by JavaFX runtime of version 8.0.112
Nov 18, 2020 12:46:20 AM javafx.fxml.FXMLLoader$ValueElement processValue
WARNING: Loading FXML document with JavaFX API of version 8.0.171 by JavaFX runtime of version 8.0.112
Nov 18, 2020 12:46:21 AM javafx.fxml.FXMLLoader$ValueElement processValue
WARNING: Loading FXML document with JavaFX API of version 8.0.171 by JavaFX runtime of version 8.0.112
Nov 18, 2020 12:48:50 AM javafx.fxml.FXMLLoader$ValueElement processValue
WARNING: Loading FXML document with JavaFX API of version 8.0.171 by JavaFX runtime of version 8.0.112
Nov 18, 2020 12:53:15 AM javafx.fxml.FXMLLoader$ValueElement processValue
WARNING: Loading FXML document with JavaFX API of version 8.0.171 by JavaFX runtime of version 8.0.112
Nov 18, 2020 12:53:19 AM javafx.fxml.FXMLLoader$ValueElement processValue
WARNING: Loading FXML document with JavaFX API of version 8.0.171 by JavaFX runtime of version 8.0.112
Nov 18, 2020 12:53:22 AM javafx.fxml.FXMLLoader$ValueElement processValue
WARNING: Loading FXML document with JavaFX API of version 8.0.171 by JavaFX runtime of version 8.0.112
Nov 18, 2020 12:53:23 AM javafx.fxml.FXMLLoader$ValueElement processValue
WARNING: Loading FXML document with JavaFX API of version 8.0.171 by JavaFX runtime of version 8.0.112
Nov 18, 2020 12:53:25 AM javafx.fxml.FXMLLoader$ValueElement processValue
WARNING: Loading FXML document with JavaFX API of version 8.0.171 by JavaFX runtime of version 8.0.112
Nov 18, 2020 12:53:27 AM javafx.fxml.FXMLLoader$ValueElement processValue
WARNING: Loading FXML document with JavaFX API of version 8.0.171 by JavaFX runtime of version 8.0.112
Nov 18, 2020 12:53:28 AM javafx.fxml.FXMLLoader$ValueElement processValue
WARNING: Loading FXML document with JavaFX API of version 8.0.171 by JavaFX runtime of version 8.0.112
Nov 18, 2020 12:53:30 AM javafx.fxml.FXMLLoader$ValueElement processValue
WARNING: Loading FXML document with JavaFX API of version 8.0.171 by JavaFX runtime of version 8.0.112
Nov 18, 2020 11:12:16 AM javafx.fxml.FXMLLoader$ValueElement processValue
WARNING: Loading FXML document with JavaFX API of version 8.0.171 by JavaFX runtime of version 8.0.112
Nov 18, 2020 11:12:19 AM javafx.fxml.FXMLLoader$ValueElement processValue
WARNING: Loading FXML document with JavaFX API of version 8.0.171 by JavaFX runtime of version 8.0.112
Nov 18, 2020 11:12:51 AM javafx.fxml.FXMLLoader$ValueElement processValue
WARNING: Loading FXML document with JavaFX API of version 8.0.171 by JavaFX runtime of version 8.0.112
Nov 18, 2020 11:12:52 AM javafx.fxml.FXMLLoader$ValueElement processValue
WARNING: Loading FXML document with JavaFX API of version 8.0.171 by JavaFX runtime of version 8.0.112
Nov 18, 2020 11:44:03 AM javafx.fxml.FXMLLoader$ValueElement processValue
WARNING: Loading FXML document with JavaFX API of version 8.0.171 by JavaFX runtime of version 8.0.112
Nov 18, 2020 11:44:05 AM javafx.fxml.FXMLLoader$ValueElement processValue
WARNING: Loading FXML document with JavaFX API of version 8.0.171 by JavaFX runtime of version 8.0.112
Nov 18, 2020 6:40:28 PM javafx.fxml.FXMLLoader$ValueElement processValue
WARNING: Loading FXML document with JavaFX API of version 8.0.171 by JavaFX runtime of version 8.0.112
Nov 18, 2020 6:40:31 PM javafx.fxml.FXMLLoader$ValueElement processValue
WARNING: Loading FXML document with JavaFX API of version 8.0.171 by JavaFX runtime of version 8.0.112
Nov 18, 2020 6:40:55 PM javafx.fxml.FXMLLoader$ValueElement processValue
WARNING: Loading FXML document with JavaFX API of version 8.0.171 by JavaFX runtime of version 8.0.112
Nov 18, 2020 6:40:57 PM javafx.fxml.FXMLLoader$ValueElement processValue
WARNING: Loading FXML document with JavaFX API of version 8.0.171 by JavaFX runtime of version 8.0.112
Nov 18, 2020 6:41:20 PM javafx.fxml.FXMLLoader$ValueElement processValue
WARNING: Loading FXML document with JavaFX API of version 8.0.171 by JavaFX runtime of version 8.0.112
Nov 18, 2020 6:41:22 PM javafx.fxml.FXMLLoader$ValueElement processValue
WARNING: Loading FXML document with JavaFX API of version 8.0.171 by JavaFX runtime of version 8.0.112
Nov 18, 2020 6:42:03 PM javafx.fxml.FXMLLoader$ValueElement processValue
WARNING: Loading FXML document with JavaFX API of version 8.0.171 by JavaFX runtime of version 8.0.112
Nov 18, 2020 6:42:05 PM javafx.fxml.FXMLLoader$ValueElement processValue
WARNING: Loading FXML document with JavaFX API of version 8.0.171 by JavaFX runtime of version 8.0.112
Nov 18, 2020 6:42:39 PM javafx.fxml.FXMLLoader$ValueElement processValue
WARNING: Loading FXML document with JavaFX API of version 8.0.171 by JavaFX runtime of version 8.0.112
Nov 22, 2020 10:09:34 PM javafx.fxml.FXMLLoader$ValueElement processValue
WARNING: Loading FXML document with JavaFX API of version 8.0.171 by JavaFX runtime of version 8.0.112
